I, [2015-11-28T19:47:26.823235 #59675]  INFO -- default-centos-71: -----> Verifying <default-centos-71>...
I, [2015-11-28T19:47:26.829054 #59675]  INFO -- default-centos-71: Preparing files for transfer
I, [2015-11-28T19:47:27.137931 #59675]  INFO -- default-centos-71: -----> Busser installation detected (busser)
I, [2015-11-28T19:47:27.137991 #59675]  INFO -- default-centos-71: Installing Busser plugins: busser-serverspec
I, [2015-11-28T19:47:28.830523 #59675]  INFO -- default-centos-71: Plugin serverspec already installed
I, [2015-11-28T19:47:29.056155 #59675]  INFO -- default-centos-71: Removing /tmp/verifier/suites/serverspec
I, [2015-11-28T19:47:29.064991 #59675]  INFO -- default-centos-71: Transferring files to <default-centos-71>
I, [2015-11-28T19:47:29.308471 #59675]  INFO -- default-centos-71: -----> Running serverspec test suite
I, [2015-11-28T19:47:29.382709 #59675]  INFO -- default-centos-71: /opt/chef/embedded/bin/ruby -I/tmp/verifier/suites/serverspec -I/tmp/verifier/gems/gems/rspec-support-3.4.1/lib:/tmp/verifier/gems/gems/rspec-core-3.4.1/lib /opt/chef/embedded/bin/rspec --pattern /tmp/verifier/suites/serverspec/\*\*/\*_spec.rb --color --format documentation --default-path /tmp/verifier/suites/serverspec
I, [2015-11-28T19:47:29.716045 #59675]  INFO -- default-centos-71: 
I, [2015-11-28T19:47:29.716097 #59675]  INFO -- default-centos-71: File "/tmp/serverspec/"
I, [2015-11-28T19:47:29.721656 #59675]  INFO -- default-centos-71: [32m  should be directory[0m
I, [2015-11-28T19:47:29.721706 #59675]  INFO -- default-centos-71: 
I, [2015-11-28T19:47:29.721738 #59675]  INFO -- default-centos-71: File "/tmp/serverspec/node.json"
I, [2015-11-28T19:47:29.725953 #59675]  INFO -- default-centos-71: [32m  should be file[0m
I, [2015-11-28T19:47:29.731659 #59675]  INFO -- default-centos-71: [32m  should contain "\"test\": \"value\""[0m
I, [2015-11-28T19:47:29.731694 #59675]  INFO -- default-centos-71: 
I, [2015-11-28T19:47:29.731711 #59675]  INFO -- default-centos-71: File "/tmp/kitchen/data_bags/git-credentials/test.json"
I, [2015-11-28T19:47:29.736816 #59675]  INFO -- default-centos-71: [32m  should be file[0m
I, [2015-11-28T19:47:29.736849 #59675]  INFO -- default-centos-71:   content
I, [2015-11-28T19:47:29.742031 #59675]  INFO -- default-centos-71: [32m    should match "{\n  \"id\": \"test\",\n  \"key\": \"FakeKeyValueFakeKeyValue\",\n  \"user.name\": \"TestUser\",\n  \"user.email\": \"testuser@gmail.com\"\n}"[0m
I, [2015-11-28T19:47:29.742077 #59675]  INFO -- default-centos-71: 
I, [2015-11-28T19:47:29.742143 #59675]  INFO -- default-centos-71: File "/tmp/kitchen/data_bags/users/tuser.json"
I, [2015-11-28T19:47:29.746543 #59675]  INFO -- default-centos-71: [32m  should be file[0m
I, [2015-11-28T19:47:29.746591 #59675]  INFO -- default-centos-71:   content
I, [2015-11-28T19:47:29.761860 #59675]  INFO -- default-centos-71: [32m    should match "{\n  \"id\": \"tuser\",\n  \"user.first_name\": \"test\",\n  \"user.last_name\": \"user\",\n  \"user.email\": \"test_user@test.com\"\n}"[0m
I, [2015-11-28T19:47:29.761904 #59675]  INFO -- default-centos-71: 
I, [2015-11-28T19:47:29.761927 #59675]  INFO -- default-centos-71: Finished in 0.04426 seconds (files took 0.28724 seconds to load)
I, [2015-11-28T19:47:29.761947 #59675]  INFO -- default-centos-71: [32m7 examples, 0 failures[0m
I, [2015-11-28T19:47:29.761965 #59675]  INFO -- default-centos-71: 
I, [2015-11-28T19:47:29.786866 #59675]  INFO -- default-centos-71: Finished verifying <default-centos-71> (0m2.96s).
